app/build/outputs/logs/manifest-merger-debug-report.txt
-- Merging decision tree log ---
manifest
ADDED from src/main/AndroidManifest.xml:2:1-63:12
INJECTED from src/main/AndroidManifest.xml:2:1-63:12
INJECTED from src/main/AndroidManifest.xml:2:1-63:12
INJECTED from src/main/AndroidManifest.xml:2:1-63:12
INJECTED from src/main/AndroidManifest.xml:2:1-63:12
INJECTED from src/main/AndroidManifest.xml:2:1-63:12
INJECTED from src/main/AndroidManifest.xml:2:1-63:12
	package
		ADDED from src/main/AndroidManifest.xml:3:2-29
		INJECTED from src/main/AndroidManifest.xml
		INJECTED from src/main/AndroidManifest.xml
	android:versionName
		ADDED from src/main/AndroidManifest.xml:4:28-55
		INJECTED from src/main/AndroidManifest.xml
		INJECTED from src/main/AndroidManifest.xml
	xmlns:android
		ADDED from src/main/AndroidManifest.xml:2:11-69
	android:versionCode
		ADDED from src/main/AndroidManifest.xml:4:2-27
		INJECTED from src/main/AndroidManifest.xml
		INJECTED from src/main/AndroidManifest.xml
uses-sdk
ADDED from src/main/AndroidManifest.xml:6:2-9:13
INJECTED from src/main/AndroidManifest.xml:6:2-9:13
INJECTED from src/main/AndroidManifest.xml:6:2-9:13
INJECTED from src/main/AndroidManifest.xml:6:2-9:13
INJECTED from src/main/AndroidManifest.xml:6:2-9:13
	android:targetSdkVersion
		ADDED from src/main/AndroidManifest.xml:8:3-32
		INJECTED from src/main/AndroidManifest.xml
		INJECTED from src/main/AndroidManifest.xml
	android:minSdkVersion
		ADDED from src/main/AndroidManifest.xml:7:3-29
		INJECTED from src/main/AndroidManifest.xml
		INJECTED from src/main/AndroidManifest.xml
uses-permission#android.permission.INTERNET
ADDED from src/main/AndroidManifest.xml:11:2-13:20
	android:name
		ADDED from src/main/AndroidManifest.xml:12:3-45
application
ADDED from src/main/AndroidManifest.xml:15:2-61:16
	android:label
		ADDED from src/main/AndroidManifest.xml:17:3-35
	android:icon
		ADDED from src/main/AndroidManifest.xml:16:3-32
	android:allowBackup
		ADDED from src/main/AndroidManifest.xml:19:3-29
	android:theme
		ADDED from src/main/AndroidManifest.xml:18:3-39
activity#org.learnnavi.app.Kelutral
ADDED from src/main/AndroidManifest.xml:21:3-28:14
	android:label
		ADDED from src/main/AndroidManifest.xml:23:4-36
	android:name
		ADDED from src/main/AndroidManifest.xml:22:4-27
intent-filter#android.intent.action.MAIN+android.intent.category.LAUNCHER
ADDED from src/main/AndroidManifest.xml:24:4-27:20
action#android.intent.action.MAIN
ADDED from src/main/AndroidManifest.xml:25:5-57
	android:name
		ADDED from src/main/AndroidManifest.xml:25:13-54
category#android.intent.category.LAUNCHER
ADDED from src/main/AndroidManifest.xml:26:5-65
	android:name
		ADDED from src/main/AndroidManifest.xml:26:15-62
activity#org.learnnavi.app.Dictionary
ADDED from src/main/AndroidManifest.xml:30:3-40:14
	android:launchMode
		ADDED from src/main/AndroidManifest.xml:32:4-34
	android:exported
		ADDED from src/main/AndroidManifest.xml:33:4-28
	android:name
		ADDED from src/main/AndroidManifest.xml:31:4-29
intent-filter#android.intent.action.SEARCH
ADDED from src/main/AndroidManifest.xml:34:4-36:20
action#android.intent.action.SEARCH
ADDED from src/main/AndroidManifest.xml:35:5-58
	android:name
		ADDED from src/main/AndroidManifest.xml:35:13-56
meta-data#android.app.searchable
ADDED from src/main/AndroidManifest.xml:37:4-39:44
	android:resource
		ADDED from src/main/AndroidManifest.xml:38:5-39
	android:name
		ADDED from src/main/AndroidManifest.xml:39:5-42
activity#org.learnnavi.app.Preferences
ADDED from src/main/AndroidManifest.xml:42:3-45:14
	android:exported
		ADDED from src/main/AndroidManifest.xml:44:4-28
	android:name
		ADDED from src/main/AndroidManifest.xml:43:4-30
provider#org.learnnavi.app.NaviWords
ADDED from src/main/AndroidManifest.xml:56:3-59:14
	android:authorities
		ADDED from src/main/AndroidManifest.xml:58:4-55
	android:name
		ADDED from src/main/AndroidManifest.xml:57:4-28